Removed Pin From Net: NetName=P+ Pin=R3-2
Change Component Comment : Designator=J1 Old Comment=PIN 3 TERMINAL New Comment=IN 220 V
Change Component Comment : Designator=J2 Old Comment=PIN 3 TERMINAL New Comment=PWM
Change Component Designator: OldDesignator=C14 NewDesignator=C15
Change Component Designator: OldDesignator=C15 NewDesignator=C16
Change Component Designator: OldDesignator=C16 NewDesignator=C17
Change Component Designator: OldDesignator=C17 NewDesignator=C18
Change Component Designator: OldDesignator=D5 NewDesignator=D7
Change Component Designator: OldDesignator=D6 NewDesignator=D8
Change Component Designator: OldDesignator=J2 NewDesignator=J3
Change Component Designator: OldDesignator=Q2 NewDesignator=Q3
Change Component Description : Designator=Q1 Old Description=N-channel 500 V, 0.73 ? typ., 5 A New Description=N-channel 500 V, 0.73 ? typ., 5 A
Added Component: Designator=C14(Cap aluminium 12.5x5)
Add component. Clean all parameters for all variants
Added Component: Designator=D5(TO220 DOIDE)
Add component. Clean all parameters for all variants
Added Component: Designator=D6(SMA)
Add component. Clean all parameters for all variants
Added Component: Designator=J2(TERMINAL 2 PIN)
Add component. Clean all parameters for all variants
Added Component: Designator=L1(INDUCTOR E25/13/7)
Add component. Clean all parameters for all variants
Added Component: Designator=Q2(TO220)
Add component. Clean all parameters for all variants
Added Pin To Net: NetName=GND Pin=D6-1
Added Pin To Net: NetName=GND Pin=J2-2
Added Pin To Net: NetName=NetR34_1 Pin=Q2-3
Change Net Name : Old Net Name=NetC14_1 New Net Name=NetC15_1
Change Net Name : Old Net Name=NetC14_2 New Net Name=NetC15_2
Change Net Name : Old Net Name=NetC16_2 New Net Name=NetC17_2
Change Net Name : Old Net Name=NetC17_2 New Net Name=NetC18_2
Change Net Name : Old Net Name=NetD5_1 New Net Name=NetD7_1
Change Net Name : Old Net Name=NetD6_1 New Net Name=NetD8_1
Change Net Name : Old Net Name=NetD6_2 New Net Name=NetD8_2
Change Net Name : Old Net Name=NetQ2_2 New Net Name=NetQ3_2
Change Net Name : Old Net Name=NetQ2_3 New Net Name=NetQ3_3
Change Net Name : Old Net Name=NetR34_1 New Net Name=NetQ2_3
Added Pin To Net: NetName=+ 400 V Pin=R3-2
Added Net: Name=+ 400 V
Added Pin To Net: NetName=+400 V Pin=C14-2
Added Pin To Net: NetName=+400 V Pin=D5-1
Added Pin To Net: NetName=+400 V Pin=J2-1
Added Net: Name=+400 V
Added Pin To Net: NetName=NetC14_1 Pin=C14-1
Added Pin To Net: NetName=NetC14_1 Pin=D6-2
Added Pin To Net: NetName=NetC14_1 Pin=L1-5
Added Net: Name=NetC14_1
Added Pin To Net: NetName=NetD5_2 Pin=D5-2
Added Pin To Net: NetName=NetD5_2 Pin=L1-1
Added Pin To Net: NetName=NetD5_2 Pin=Q2-2
Added Net: Name=NetD5_2
Added Pin To Net: NetName=NetQ2_1 Pin=Q2-1
Added Pin To Net: NetName=NetQ2_1 Pin=R28-1
Added Net: Name=NetQ2_1
Added Member To Class: ClassName=LED_PROGECT_SCH Member=Component C18 390pF 63v
Added Member To Class: ClassName=LED_PROGECT_SCH Member=Component D7 1N4148
Added Member To Class: ClassName=LED_PROGECT_SCH Member=Component D8 1N4148
Added Member To Class: ClassName=LED_PROGECT_SCH Member=Component J3 PWM
Added Member To Class: ClassName=LED_PROGECT_SCH Member=Component L1 1,6mH
Added Member To Class: ClassName=LED_PROGECT_SCH Member=Component Q3 BUX87
Added Member To Class: ClassName=LED_PROGECT_SCH Member=Component R25 47k
Added Member To Class: ClassName=LED_PROGECT_SCH Member=Component R26 330k
Added Member To Class: ClassName=LED_PROGECT_SCH Member=Component R27 20k 1W
Added Member To Class: ClassName=LED_PROGECT_SCH Member=Component R28 33
Added Room: Name=LED_PROGECT_SCH
