Added Component: Designator=BR1(SOPA-4)
Add component. Clean all parameters for all variants
Add component (AddParameter): Name = "DatasheetVersion"; Value = "E2732B"; VariantName = "[No Variations]"
Add component (AddParameter): Name = "LatestRevisionDate"; Value = "29-May-2009"; VariantName = "[No Variations]"
Add component (AddParameter): Name = "LatestRevisionNote"; Value = "Sch pins A & K swapped."; VariantName = "[No Variations]"
Add component (AddParameter): Name = "PackageDescription"; Value = "Bridge Rectifier; 4 Terminals; Body 9.4 x 9.4 mm (typ); Pitch 5.08 mm"; VariantName = "[No Variations]"
Add component (AddParameter): Name = "PackageReference"; Value = "D-38"; VariantName = "[No Variations]"
Add component (AddParameter): Name = "Published"; Value = "8-Jun-2000"; VariantName = "[No Variations]"
Add component (AddParameter): Name = "Publisher"; Value = "Altium Limited"; VariantName = "[No Variations]"
Added Component: Designator=C1(Cap1206)
Add component. Clean all parameters for all variants
Added Component: Designator=C2(Cap1206)
Add component. Clean all parameters for all variants
Added Component: Designator=C3(CAP32229)
Add component. Clean all parameters for all variants
Added Component: Designator=C4(CAP32229)
Add component. Clean all parameters for all variants
Added Component: Designator=C5(Capacitor radial)
Add component. Clean all parameters for all variants
Added Component: Designator=C6(CAP32229)
Add component. Clean all parameters for all variants
Added Component: Designator=C8(Cap1206)
Add component. Clean all parameters for all variants
Added Component: Designator=C9(CAP ALUM 5mm)
Add component. Clean all parameters for all variants
Added Component: Designator=C10(CAP ALUM 5mm)
Add component. Clean all parameters for all variants
Added Component: Designator=C11(Cap1206)
Add component. Clean all parameters for all variants
Added Component: Designator=C12(Cap1206)
Add component. Clean all parameters for all variants
Added Component: Designator=C13(Cap1206)
Add component. Clean all parameters for all variants
Added Component: Designator=D2(SOD123)
Add component. Clean all parameters for all variants
Added Component: Designator=D3(SOD123)
Add component. Clean all parameters for all variants
Added Component: Designator=D4(SOD123)
Add component. Clean all parameters for all variants
Added Component: Designator=F1(FUSE SMD)
Add component. Clean all parameters for all variants
Add component (AddParameter): Name = "LatestRevisionDate"; Value = "17-Jul-2002"; VariantName = "[No Variations]"
Add component (AddParameter): Name = "LatestRevisionNote"; Value = "Re-released for DXP Platform."; VariantName = "[No Variations]"
Add component (AddParameter): Name = "PackageDescription"; Value = "Thru-Hole; 2 Leads"; VariantName = "[No Variations]"
Add component (AddParameter): Name = "PackageReference"; Value = "PIN-W2/E2.8"; VariantName = "[No Variations]"
Add component (AddParameter): Name = "Published"; Value = "8-Jun-2000"; VariantName = "[No Variations]"
Add component (AddParameter): Name = "Publisher"; Value = "Altium Limited"; VariantName = "[No Variations]"
Added Component: Designator=IC1(SOIC127P600X175-8N)
Add component. Clean all parameters for all variants
Add component (AddParameter): Name = "Arrow Part Number"; Value = "L6562AD"; VariantName = "[No Variations]"
Add component (AddParameter): Name = "Arrow Price/Stock"; Value = "https://www.arrow.com/en/products/l6562ad/stmicroelectronics"; VariantName = "[No Variations]"
Add component (AddParameter): Name = "Datasheet Link"; Value = "http://docs-emea.rs-online.com/webdocs/0acd/0900766b80acd67a.pdf"; VariantName = "[No Variations]"
Add component (AddParameter): Name = "Height"; Value = "1.75mm"; VariantName = "[No Variations]"
Add component (AddParameter): Name = "Manufacturer_Name"; Value = "STMicroelectronics"; VariantName = "[No Variations]"
Add component (AddParameter): Name = "Manufacturer_Part_Number"; Value = "L6562AD"; VariantName = "[No Variations]"
Add component (AddParameter): Name = "Mouser Part Number"; Value = "511-L6562AD"; VariantName = "[No Variations]"
Add component (AddParameter): Name = "Mouser Price/Stock"; Value = "https://www.mouser.co.uk/ProductDetail/STMicroelectronics/L6562AD?qs=VJaATVMq%252BXqF3F6968bcuw%3D%3D"; VariantName = "[No Variations]"
Added Component: Designator=J1(PIN3 TERMINAL)
Add component. Clean all parameters for all variants
Added Component: Designator=Q1(TO220)
Add component. Clean all parameters for all variants
Added Component: Designator=Q2(SOT32)
Add component. Clean all parameters for all variants
Added Component: Designator=R1(RES1206)
Add component. Clean all parameters for all variants
Added Component: Designator=R2(RES1206)
Add component. Clean all parameters for all variants
Added Component: Designator=R3(AXIAL-0.6)
Add component. Clean all parameters for all variants
Add component (AddParameter): Name = "LatestRevisionDate"; Value = "17-Jul-2002"; VariantName = "[No Variations]"
Add component (AddParameter): Name = "LatestRevisionNote"; Value = "Re-released for DXP Platform."; VariantName = "[No Variations]"
Add component (AddParameter): Name = "PackageDescription"; Value = "Axial Device, Thru-Hole; 2 Leads; 0.4 in Pin Spacing"; VariantName = "[No Variations]"
Add component (AddParameter): Name = "PackageReference"; Value = "AXIAL-0.4"; VariantName = "[No Variations]"
Add component (AddParameter): Name = "Published"; Value = "8-Jun-2000"; VariantName = "[No Variations]"
Add component (AddParameter): Name = "Publisher"; Value = "Altium Limited"; VariantName = "[No Variations]"
Added Component: Designator=R4(RES1206)
Add component. Clean all parameters for all variants
Added Component: Designator=R5(RES1206)
Add component. Clean all parameters for all variants
Added Component: Designator=R6(RES1206)
Add component. Clean all parameters for all variants
Added Component: Designator=R7(RES1206)
Add component. Clean all parameters for all variants
Added Component: Designator=R8(RES1206)
Add component. Clean all parameters for all variants
Added Component: Designator=R9(AXIAL-0.6)
Add component. Clean all parameters for all variants
Add component (AddParameter): Name = "LatestRevisionDate"; Value = "17-Jul-2002"; VariantName = "[No Variations]"
Add component (AddParameter): Name = "LatestRevisionNote"; Value = "Re-released for DXP Platform."; VariantName = "[No Variations]"
Add component (AddParameter): Name = "PackageDescription"; Value = "Axial Device, Thru-Hole; 2 Leads; 0.4 in Pin Spacing"; VariantName = "[No Variations]"
Add component (AddParameter): Name = "PackageReference"; Value = "AXIAL-0.4"; VariantName = "[No Variations]"
Add component (AddParameter): Name = "Published"; Value = "8-Jun-2000"; VariantName = "[No Variations]"
Add component (AddParameter): Name = "Publisher"; Value = "Altium Limited"; VariantName = "[No Variations]"
Added Component: Designator=R10(RES1206)
Add component. Clean all parameters for all variants
Added Component: Designator=R11(RES1206)
Add component. Clean all parameters for all variants
Added Component: Designator=R12(RES1206)
Add component. Clean all parameters for all variants
Added Component: Designator=R13(RES1206)
Add component. Clean all parameters for all variants
Added Component: Designator=R14(RES1206)
Add component. Clean all parameters for all variants
Added Component: Designator=R15(RES1206)
Add component. Clean all parameters for all variants
Added Component: Designator=R16(RES1206)
Add component. Clean all parameters for all variants
Added Component: Designator=R17(RES1206)
Add component. Clean all parameters for all variants
Added Component: Designator=R18(RES1206)
Add component. Clean all parameters for all variants
Added Component: Designator=R19(RES1206)
Add component. Clean all parameters for all variants
Added Component: Designator=R20(RES1206)
Add component. Clean all parameters for all variants
Added Component: Designator=R21(RES1206)
Add component. Clean all parameters for all variants
Added Component: Designator=R22(RES1206)
Add component. Clean all parameters for all variants
Added Component: Designator=R23(RES1206)
Add component. Clean all parameters for all variants
Added Component: Designator=R24(AXIAL-0.6)
Add component. Clean all parameters for all variants
Add component (AddParameter): Name = "LatestRevisionDate"; Value = "17-Jul-2002"; VariantName = "[No Variations]"
Add component (AddParameter): Name = "LatestRevisionNote"; Value = "Re-released for DXP Platform."; VariantName = "[No Variations]"
Add component (AddParameter): Name = "PackageDescription"; Value = "Axial Device, Thru-Hole; 2 Leads; 0.4 in Pin Spacing"; VariantName = "[No Variations]"
Add component (AddParameter): Name = "PackageReference"; Value = "AXIAL-0.4"; VariantName = "[No Variations]"
Add component (AddParameter): Name = "Published"; Value = "8-Jun-2000"; VariantName = "[No Variations]"
Add component (AddParameter): Name = "Publisher"; Value = "Altium Limited"; VariantName = "[No Variations]"
Added Component: Designator=R25(RES1206)
Add component. Clean all parameters for all variants
Added Component: Designator=R26(AXIAL-0.6)
Add component. Clean all parameters for all variants
Add component (AddParameter): Name = "LatestRevisionDate"; Value = "17-Jul-2002"; VariantName = "[No Variations]"
Add component (AddParameter): Name = "LatestRevisionNote"; Value = "Re-released for DXP Platform."; VariantName = "[No Variations]"
Add component (AddParameter): Name = "PackageDescription"; Value = "Axial Device, Thru-Hole; 2 Leads; 0.4 in Pin Spacing"; VariantName = "[No Variations]"
Add component (AddParameter): Name = "PackageReference"; Value = "AXIAL-0.4"; VariantName = "[No Variations]"
Add component (AddParameter): Name = "Published"; Value = "8-Jun-2000"; VariantName = "[No Variations]"
Add component (AddParameter): Name = "Publisher"; Value = "Altium Limited"; VariantName = "[No Variations]"
Added Component: Designator=R27(RES1206)
Add component. Clean all parameters for all variants
Added Component: Designator=R28(RES1206)
Add component. Clean all parameters for all variants
Added Component: Designator=RT1(NTC)
Add component. Clean all parameters for all variants
Add component (AddParameter): Name = "Datasheet Link"; Value = "https://product.tdk.com/info/en/documents/data_sheet/50/db/icl_16/S235.pdf"; VariantName = "[No Variations]"
Add component (AddParameter): Name = "Height"; Value = "14mm"; VariantName = "[No Variations]"
Add component (AddParameter): Name = "Manufacturer_Name"; Value = "EPCOS"; VariantName = "[No Variations]"
Add component (AddParameter): Name = "Manufacturer_Part_Number"; Value = "B57235S0100M051"; VariantName = "[No Variations]"
Add component (AddParameter): Name = "Mouser Part Number"; Value = "871-B57235S0100M051"; VariantName = "[No Variations]"
Add component (AddParameter): Name = "Mouser Price/Stock"; Value = "https://www.mouser.co.uk/ProductDetail/EPCOS-TDK/B57235S0100M051?qs=Uha62PnlbFC%2FoMpjFbtGuw%3D%3D"; VariantName = "[No Variations]"
Add component (AddParameter): Name = "RS Part Number"; Value = ""; VariantName = "[No Variations]"
Add component (AddParameter): Name = "RS Price/Stock"; Value = ""; VariantName = "[No Variations]"
Added Component: Designator=T1(TRANS E25/13/7)
Add component. Clean all parameters for all variants
Add component (AddParameter): Name = "LatestRevisionDate"; Value = "17-Jul-2002"; VariantName = "[No Variations]"
Add component (AddParameter): Name = "LatestRevisionNote"; Value = "Re-released for DXP Platform."; VariantName = "[No Variations]"
Add component (AddParameter): Name = "PackageDescription"; Value = "Transformer; 5 Leads"; VariantName = "[No Variations]"
Add component (AddParameter): Name = "PackageReference"; Value = "TRF_5"; VariantName = "[No Variations]"
Add component (AddParameter): Name = "Published"; Value = "8-Jun-2000"; VariantName = "[No Variations]"
Add component (AddParameter): Name = "Publisher"; Value = "Altium Limited"; VariantName = "[No Variations]"
Added Component: Designator=TR1(CHOKE IND)
Add component. Clean all parameters for all variants
Added Pin To Net: NetName=NetBR1_2 Pin=BR1-2
Added Pin To Net: NetName=GND Pin=BR1-3
Added Pin To Net: NetName=NetBR1_4 Pin=BR1-4
Added Pin To Net: NetName=NetC1_1 Pin=C1-1
Added Pin To Net: NetName=NetC1_2 Pin=C1-2
Added Pin To Net: NetName=NetC1_2 Pin=C2-2
Added Pin To Net: NetName=NetC3_2 Pin=C3-2
Added Pin To Net: NetName=NetBR1_2 Pin=C4-1
Added Pin To Net: NetName=NetBR1_4 Pin=C4-2
Added Pin To Net: NetName=GND Pin=C5-1
Added Pin To Net: NetName=GND Pin=C6-1
Added Pin To Net: NetName=GND Pin=C8-1
Added Pin To Net: NetName=NetC8_2 Pin=C8-2
Added Pin To Net: NetName=VCC Pin=C9-1
Added Pin To Net: NetName=GND Pin=C9-2
Added Pin To Net: NetName=GND Pin=C10-2
Added Pin To Net: NetName=GND Pin=C11-1
Added Pin To Net: NetName=VCC Pin=C11-2
Added Pin To Net: NetName=NetC12_1 Pin=C12-1
Added Pin To Net: NetName=NetC1_2 Pin=D2-1
Added Pin To Net: NetName=VCC Pin=D3-2
Added Pin To Net: NetName=GND Pin=D4-1
Added Pin To Net: NetName=NetC1_2 Pin=D4-2
Added Pin To Net: NetName=NetF1_1 Pin=F1-1
Added Pin To Net: NetName=NetF1_2 Pin=F1-2
Added Pin To Net: NetName=MULT Pin=IC1-3
Added Pin To Net: NetName=NetIC1_4 Pin=IC1-4
Added Pin To Net: NetName=ZCD Pin=IC1-5
Added Pin To Net: NetName=GND Pin=IC1-6
Added Pin To Net: NetName=NetIC1_7 Pin=IC1-7
Added Pin To Net: NetName=VCC Pin=IC1-8
Added Pin To Net: NetName=NetF1_1 Pin=J1-1
Added Pin To Net: NetName=NetR1_1 Pin=R1-1
Added Pin To Net: NetName=NetC1_1 Pin=R1-2
Added Pin To Net: NetName=ZCD Pin=R2-1
Added Pin To Net: NetName=NetR1_1 Pin=R2-2
Added Pin To Net: NetName=NetR3_1 Pin=R3-1
Added Pin To Net: NetName=NetR1_1 Pin=R6-1
Added Pin To Net: NetName=NetR1_1 Pin=R7-2
Added Pin To Net: NetName=NetR8_1 Pin=R8-1
Added Pin To Net: NetName=NetC3_2 Pin=R8-2
Added Pin To Net: NetName=NetR3_1 Pin=R9-2
Added Pin To Net: NetName=NetC8_2 Pin=R10-1
Added Pin To Net: NetName=VCC Pin=R11-1
Added Pin To Net: NetName=NetR8_1 Pin=R12-2
Added Pin To Net: NetName=NetIC1_7 Pin=R13-1
Added Pin To Net: NetName=NetC12_1 Pin=R14-2
Added Pin To Net: NetName=GND Pin=R15-2
Added Pin To Net: NetName=GND Pin=R16-2
Added Pin To Net: NetName=GND Pin=R17-1
Added Pin To Net: NetName=NetC8_2 Pin=R17-2
Added Pin To Net: NetName=NetIC1_4 Pin=R19-2
Added Pin To Net: NetName=GND Pin=R20-1
Added Pin To Net: NetName=GND Pin=R21-1
Added Pin To Net: NetName=GND Pin=R22-1
Added Pin To Net: NetName=GND Pin=R28-1
Added Pin To Net: NetName=NetF1_2 Pin=RT1-1
Added Pin To Net: NetName=NetC3_2 Pin=RT1-2
Added Pin To Net: NetName=GND Pin=T1-5
Added Pin To Net: NetName=NetC3_2 Pin=TR1-1
Added Pin To Net: NetName=NetBR1_4 Pin=TR1-3
Added Pin To Net: NetName=NetBR1_2 Pin=TR1-4
Added Pin To Net: NetName=+16V Pin=C10-1
Added Pin To Net: NetName=+16V Pin=D2-2
Added Pin To Net: NetName=+16V Pin=D3-1
Added Pin To Net: NetName=+16V Pin=Q2-1
Added Net: Name=+16V
Added Pin To Net: NetName=NetC2_1 Pin=C2-1
Added Pin To Net: NetName=NetC2_1 Pin=R6-2
Added Net: Name=NetC2_1
Added Pin To Net: NetName=NetC3_1 Pin=C3-1
Added Pin To Net: NetName=NetC3_1 Pin=J1-2
Added Pin To Net: NetName=NetC3_1 Pin=R12-1
Added Pin To Net: NetName=NetC3_1 Pin=TR1-2
Added Net: Name=NetC3_1
Added Pin To Net: NetName=NetC5_2 Pin=C5-2
Added Pin To Net: NetName=NetC5_2 Pin=J1-3
Added Net: Name=NetC5_2
Added Pin To Net: NetName=NetC6_2 Pin=C6-2
Added Pin To Net: NetName=NetC6_2 Pin=R4-2
Added Pin To Net: NetName=NetC6_2 Pin=R5-2
Added Pin To Net: NetName=NetC6_2 Pin=T1-6
Added Net: Name=NetC6_2
Added Pin To Net: NetName=NetC12_2 Pin=C12-2
Added Pin To Net: NetName=NetC12_2 Pin=C13-2
Added Pin To Net: NetName=NetC12_2 Pin=IC1-2
Added Net: Name=NetC12_2
Added Pin To Net: NetName=NetC13_1 Pin=C13-1
Added Pin To Net: NetName=NetC13_1 Pin=IC1-1
Added Pin To Net: NetName=NetC13_1 Pin=R9-1
Added Pin To Net: NetName=NetC13_1 Pin=R14-1
Added Pin To Net: NetName=NetC13_1 Pin=R15-1
Added Pin To Net: NetName=NetC13_1 Pin=R16-1
Added Net: Name=NetC13_1
Added Pin To Net: NetName=NetD1_1 Pin=Q1-2
Added Pin To Net: NetName=NetD1_1 Pin=T1-10
Added Net: Name=NetD1_1
Added Pin To Net: NetName=NetQ1_1 Pin=Q1-1
Added Pin To Net: NetName=NetQ1_1 Pin=R13-2
Added Pin To Net: NetName=NetQ1_1 Pin=R18-2
Added Net: Name=NetQ1_1
Added Pin To Net: NetName=NetQ1_3 Pin=Q1-3
Added Pin To Net: NetName=NetQ1_3 Pin=R18-1
Added Pin To Net: NetName=NetQ1_3 Pin=R19-1
Added Pin To Net: NetName=NetQ1_3 Pin=R20-2
Added Pin To Net: NetName=NetQ1_3 Pin=R21-2
Added Pin To Net: NetName=NetQ1_3 Pin=R22-2
Added Net: Name=NetQ1_3
Added Pin To Net: NetName=NetQ2_2 Pin=Q2-2
Added Pin To Net: NetName=NetQ2_2 Pin=R26-1
Added Net: Name=NetQ2_2
Added Pin To Net: NetName=NetQ2_3 Pin=Q2-3
Added Pin To Net: NetName=NetQ2_3 Pin=R27-1
Added Pin To Net: NetName=NetQ2_3 Pin=R28-2
Added Net: Name=NetQ2_3
Added Pin To Net: NetName=NetR4_1 Pin=R4-1
Added Pin To Net: NetName=NetR4_1 Pin=R10-2
Added Net: Name=NetR4_1
Added Pin To Net: NetName=NetR5_1 Pin=R5-1
Added Pin To Net: NetName=NetR5_1 Pin=R11-2
Added Net: Name=NetR5_1
Added Pin To Net: NetName=NetR7_1 Pin=R7-1
Added Pin To Net: NetName=NetR7_1 Pin=T1-1
Added Net: Name=NetR7_1
Added Pin To Net: NetName=NetR23_1 Pin=R23-1
Added Pin To Net: NetName=NetR23_1 Pin=R25-2
Added Net: Name=NetR23_1
Added Pin To Net: NetName=NetR24_1 Pin=R24-1
Added Pin To Net: NetName=NetR24_1 Pin=R26-2
Added Net: Name=NetR24_1
Added Pin To Net: NetName=NetR25_1 Pin=R25-1
Added Pin To Net: NetName=NetR25_1 Pin=R27-2
Added Net: Name=NetR25_1
Added Pin To Net: NetName=P+ Pin=R3-2
Added Pin To Net: NetName=P+ Pin=R23-2
Added Pin To Net: NetName=P+ Pin=R24-2
Added Net: Name=P+
Added Member To Class: ClassName=LED_PROGECT_SCH Member=Component BR1 1000 V 2 A
Added Member To Class: ClassName=LED_PROGECT_SCH Member=Component C1 12nF 63V
Added Member To Class: ClassName=LED_PROGECT_SCH Member=Component C2 12nF 63V
Added Member To Class: ClassName=LED_PROGECT_SCH Member=Component C3 0.47uF 305V
Added Member To Class: ClassName=LED_PROGECT_SCH Member=Component C4 0.22uF 305V
Added Member To Class: ClassName=LED_PROGECT_SCH Member=Component C5 1 nF 400 V
Added Member To Class: ClassName=LED_PROGECT_SCH Member=Component C6 0.22uF 305V
Added Member To Class: ClassName=LED_PROGECT_SCH Member=Component C8 10nF 63V
Added Member To Class: ClassName=LED_PROGECT_SCH Member=Component C9 10uF 35 V
Added Member To Class: ClassName=LED_PROGECT_SCH Member=Component C10 33uF 35 V
Added Member To Class: ClassName=LED_PROGECT_SCH Member=Component C11 0.1uF 63V
Added Member To Class: ClassName=LED_PROGECT_SCH Member=Component C12 0.22uF 25V
Added Member To Class: ClassName=LED_PROGECT_SCH Member=Component C13 0.015uF 25V
Added Member To Class: ClassName=LED_PROGECT_SCH Member=Component D2 1N4148
Added Member To Class: ClassName=LED_PROGECT_SCH Member=Component D3 1N4148
Added Member To Class: ClassName=LED_PROGECT_SCH Member=Component D4 18V  500mW
Added Member To Class: ClassName=LED_PROGECT_SCH Member=Component F1 2 A 250 V
Added Member To Class: ClassName=LED_PROGECT_SCH Member=Component IC1 L6562AD
Added Member To Class: ClassName=LED_PROGECT_SCH Member=Component J1 PIN 3 TERMINAL
Added Member To Class: ClassName=LED_PROGECT_SCH Member=Component Q1 STP8NM50FP
Added Member To Class: ClassName=LED_PROGECT_SCH Member=Component Q2 BUX87
Added Member To Class: ClassName=LED_PROGECT_SCH Member=Component R1 1 M
Added Member To Class: ClassName=LED_PROGECT_SCH Member=Component R2 47k
Added Member To Class: ClassName=LED_PROGECT_SCH Member=Component R3 1 M 1W
Added Member To Class: ClassName=LED_PROGECT_SCH Member=Component R4 1 M
Added Member To Class: ClassName=LED_PROGECT_SCH Member=Component R5 270k
Added Member To Class: ClassName=LED_PROGECT_SCH Member=Component R6 1 M
Added Member To Class: ClassName=LED_PROGECT_SCH Member=Component R7 0
Added Member To Class: ClassName=LED_PROGECT_SCH Member=Component R8 1 M
Added Member To Class: ClassName=LED_PROGECT_SCH Member=Component R9 1 M 1W
Added Member To Class: ClassName=LED_PROGECT_SCH Member=Component R10 1 M
Added Member To Class: ClassName=LED_PROGECT_SCH Member=Component R11 270k
Added Member To Class: ClassName=LED_PROGECT_SCH Member=Component R12 1 M
Added Member To Class: ClassName=LED_PROGECT_SCH Member=Component R13 33
Added Member To Class: ClassName=LED_PROGECT_SCH Member=Component R14 22k
Added Member To Class: ClassName=LED_PROGECT_SCH Member=Component R15 15k
Added Member To Class: ClassName=LED_PROGECT_SCH Member=Component R16 82k
Added Member To Class: ClassName=LED_PROGECT_SCH Member=Component R17 15 k
Added Member To Class: ClassName=LED_PROGECT_SCH Member=Component R18 47k
Added Member To Class: ClassName=LED_PROGECT_SCH Member=Component R19 0
Added Member To Class: ClassName=LED_PROGECT_SCH Member=Component R20 1
Added Member To Class: ClassName=LED_PROGECT_SCH Member=Component R21 1
Added Member To Class: ClassName=LED_PROGECT_SCH Member=Component R22 1
Added Member To Class: ClassName=LED_PROGECT_SCH Member=Component R23 330k
Added Member To Class: ClassName=LED_PROGECT_SCH Member=Component R24 20k 1W
Added Member To Class: ClassName=LED_PROGECT_SCH Member=Component R25 330k
Added Member To Class: ClassName=LED_PROGECT_SCH Member=Component R26 20k 1W
Added Member To Class: ClassName=LED_PROGECT_SCH Member=Component R27 330k
Added Member To Class: ClassName=LED_PROGECT_SCH Member=Component R28 43k
Added Member To Class: ClassName=LED_PROGECT_SCH Member=Component RT1 3 A 10 Ohm
Added Member To Class: ClassName=LED_PROGECT_SCH Member=Component T1 Trans E25/13/7
Added Member To Class: ClassName=LED_PROGECT_SCH Member=Component TR1 2x22mH/1A
Added Room: Name=LED_PROGECT_SCH
