Change Component Designator: OldDesignator=C1 NewDesignator=C4
Change Component Designator: OldDesignator=C2 NewDesignator=C1
Change Component Designator: OldDesignator=C3 NewDesignator=C2
Change Component Designator: OldDesignator=C4 NewDesignator=C3
Change Component Designator: OldDesignator=R2 NewDesignator=R4
Added Component: Designator=R2(RES1206)
Add component. Clean all parameters for all variants
Added Component: Designator=R3(RES1206)
Add component. Clean all parameters for all variants
Added Component: Designator=R5(RES1206)
Add component. Clean all parameters for all variants
Added Component: Designator=R6(RES1206)
Add component. Clean all parameters for all variants
Added Component: Designator=R7(RES1206)
Add component. Clean all parameters for all variants
Added Pin To Net: NetName=NetBR1_1 Pin=R2-2
Added Pin To Net: NetName=NetBR1_1 Pin=R3-2
Change Net Name : Old Net Name=NetC1_2 New Net Name=NetC4_2
Change Net Name : Old Net Name=NetC2_1 New Net Name=NetC1_1
Change Net Name : Old Net Name=NetC2_2 New Net Name=NetC1_2
Added Pin To Net: NetName=NetR2_1 Pin=R2-1
Added Pin To Net: NetName=NetR2_1 Pin=R5-2
Added Net: Name=NetR2_1
Added Pin To Net: NetName=NetR3_1 Pin=R3-1
Added Pin To Net: NetName=NetR3_1 Pin=R6-2
Added Net: Name=NetR3_1
Added Pin To Net: NetName=NetR5_1 Pin=R5-1
Added Pin To Net: NetName=NetR5_1 Pin=R7-2
Added Net: Name=NetR5_1
Added Member To Class: ClassName=LED_PROGECT_SCH Member=Component C4 1 nF 400 V
Added Member To Class: ClassName=LED_PROGECT_SCH Member=Component R3 270k
Added Member To Class: ClassName=LED_PROGECT_SCH Member=Component R4 1 M
Added Member To Class: ClassName=LED_PROGECT_SCH Member=Component R5 1 M
Added Member To Class: ClassName=LED_PROGECT_SCH Member=Component R6 270k
Added Member To Class: ClassName=LED_PROGECT_SCH Member=Component R7 15 k
Added Room: Name=LED_PROGECT_SCH
