Removed Pin From Net: NetName=+400 V Pin=C14-2
Removed Pin From Net: NetName=GND Pin=J2-2
Change Component Comment : Designator=C4 Old Comment=0.22uF 305V New Comment=0.22uF 305VAC
Change Component Comment : Designator=C6 Old Comment=0.22uF 305V New Comment=0.22uF 760 VDC
Change Component Comment : Designator=C3 Old Comment=0.47uF 305V New Comment=0.47uF 310 VAC
Added Component: Designator=H1(HEATSINK)
Add component. Clean all parameters for all variants
Added Component: Designator=H2(HEATSINK)
Add component. Clean all parameters for all variants
Added Pin To Net: NetName=+400 V Pin=C14-1
Added Pin To Net: NetName=GND Pin=H1-1
Added Pin To Net: NetName=GND Pin=H1-1
Added Pin To Net: NetName=GND Pin=H2-1
Added Pin To Net: NetName=GND Pin=H2-1
Added Pin To Net: NetName=NetC14_2 Pin=C14-2
Added Pin To Net: NetName=NetC14_2 Pin=D6-2
Added Pin To Net: NetName=NetC14_2 Pin=J2-2
Added Pin To Net: NetName=NetC14_2 Pin=L1-5
Added Net: Name=NetC14_2
Added Member To Class: ClassName=LED_PROGECT_SCH Member=Component C15 22uF 35 V
Added Member To Class: ClassName=LED_PROGECT_SCH Member=Component C16 0.1uF 63V
Added Member To Class: ClassName=LED_PROGECT_SCH Member=Component C17 220pF 63v
Added Member To Class: ClassName=LED_PROGECT_SCH Member=Component H1 HEATSINK
Added Member To Class: ClassName=LED_PROGECT_SCH Member=Component H2 HEATSINK
Added Room: Name=LED_PROGECT_SCH
