Removed Pin From Net: NetName=GND Pin=BR?-3
Removed Member From Class: ClassName=LED_PROGECT_SCH Member=BR?
Change Component Designator: OldDesignator=C? NewDesignator=C1
Change Component Designator: OldDesignator=C? NewDesignator=C2
Change Component Designator: OldDesignator=F? NewDesignator=F1
Change Component Designator: OldDesignator=J? NewDesignator=J1
Change Component Designator: OldDesignator=R? NewDesignator=R1
Change Component Designator: OldDesignator=R? NewDesignator=R2
Change Component Designator: OldDesignator=RT? NewDesignator=RT1
Change Component Designator: OldDesignator=TR? NewDesignator=TR1
Added Component: Designator=BR1(SOPA-4)
Add component. Clean all parameters for all variants
Add component (AddParameter): Name = "DatasheetVersion"; Value = "E2732B"; VariantName = "[No Variations]"
Add component (AddParameter): Name = "LatestRevisionDate"; Value = "29-May-2009"; VariantName = "[No Variations]"
Add component (AddParameter): Name = "LatestRevisionNote"; Value = "Sch pins A & K swapped."; VariantName = "[No Variations]"
Add component (AddParameter): Name = "PackageDescription"; Value = "Bridge Rectifier; 4 Terminals; Body 9.4 x 9.4 mm (typ); Pitch 5.08 mm"; VariantName = "[No Variations]"
Add component (AddParameter): Name = "PackageReference"; Value = "D-38"; VariantName = "[No Variations]"
Add component (AddParameter): Name = "Published"; Value = "8-Jun-2000"; VariantName = "[No Variations]"
Add component (AddParameter): Name = "Publisher"; Value = "Altium Limited"; VariantName = "[No Variations]"
Added Pin To Net: NetName=GND Pin=BR1-3
Change Net Name : Old Net Name=NetC?_1 New Net Name=NetC1_1
Change Net Name : Old Net Name=NetC?_2 New Net Name=NetC1_2
Change Net Name : Old Net Name=NetF?_1 New Net Name=NetF1_1
Change Net Name : Old Net Name=NetR?_1 New Net Name=NetR1_1
Added Pin To Net: NetName=NetBR1_2 Pin=BR1-2
Added Pin To Net: NetName=NetBR1_2 Pin=C2-1
Added Pin To Net: NetName=NetBR1_2 Pin=TR1-4
Added Net: Name=NetBR1_2
Added Pin To Net: NetName=NetBR1_4 Pin=BR1-4
Added Pin To Net: NetName=NetBR1_4 Pin=C2-2
Added Pin To Net: NetName=NetBR1_4 Pin=TR1-3
Added Net: Name=NetBR1_4
Added Pin To Net: NetName=NetF1_2 Pin=F1-2
Added Net: Name=NetF1_2
Added Member To Class: ClassName=LED_PROGECT_SCH Member=Component BR1 1000 V 2 A
Added Member To Class: ClassName=LED_PROGECT_SCH Member=Component C2 0.22uF 305V
Added Member To Class: ClassName=LED_PROGECT_SCH Member=Component R2 1 M
Added Room: Name=LED_PROGECT_SCH
