Change Component Comment : Designator=R38 Old Comment=1 M 1W New Comment=1.5 1W
Change Component Comment : Designator=R40 Old Comment=1 M 1W New Comment=2.2 1W
Change Component Comment : Designator=R39 Old Comment=1 M 1W New Comment=2.7 1W
Change Component Comment : Designator=R1 Old Comment=1 M New Comment=47
Change Component Comment : Designator=R6 Old Comment=1 M New Comment=47
Change Component Comment : Designator=C20 Old Comment=390pF 63v New Comment=1.5nF 63v
Change Component Comment : Designator=C19 Old Comment=390pF 63v New Comment=820pF 63v
Change Component Designator: OldDesignator=D2 NewDesignator=D3
Change Component Designator: OldDesignator=D3 NewDesignator=D4
Change Component Designator: OldDesignator=D4 NewDesignator=D5
Change Component Designator: OldDesignator=D5 NewDesignator=D7
Change Component Designator: OldDesignator=D6 NewDesignator=D8
Change Component Designator: OldDesignator=D7 NewDesignator=D9
Change Component Designator: OldDesignator=D8 NewDesignator=D10
Change Component Designator: OldDesignator=R10 NewDesignator=R11
Change Component Designator: OldDesignator=R11 NewDesignator=R12
Change Component Designator: OldDesignator=R12 NewDesignator=R13
Change Component Designator: OldDesignator=R13 NewDesignator=R14
Change Component Designator: OldDesignator=R14 NewDesignator=R15
Change Component Designator: OldDesignator=R15 NewDesignator=R16
Change Component Designator: OldDesignator=R16 NewDesignator=R17
Change Component Designator: OldDesignator=R17 NewDesignator=R18
Change Component Designator: OldDesignator=R18 NewDesignator=R19
Change Component Designator: OldDesignator=R19 NewDesignator=R20
Change Component Designator: OldDesignator=R20 NewDesignator=R21
Change Component Designator: OldDesignator=R21 NewDesignator=R22
Change Component Designator: OldDesignator=R22 NewDesignator=R23
Change Component Designator: OldDesignator=R23 NewDesignator=R24
Change Component Designator: OldDesignator=R24 NewDesignator=R25
Change Component Designator: OldDesignator=R25 NewDesignator=R26
Change Component Designator: OldDesignator=R26 NewDesignator=R27
Change Component Designator: OldDesignator=R27 NewDesignator=R28
Change Component Designator: OldDesignator=R28 NewDesignator=R29
Change Component Designator: OldDesignator=R29 NewDesignator=R30
Change Component Designator: OldDesignator=R30 NewDesignator=R31
Change Component Designator: OldDesignator=R31 NewDesignator=R32
Change Component Designator: OldDesignator=R32 NewDesignator=R33
Change Component Designator: OldDesignator=R33 NewDesignator=R34
Change Component Designator: OldDesignator=R34 NewDesignator=R35
Change Component Designator: OldDesignator=R35 NewDesignator=R36
Change Component Designator: OldDesignator=R36 NewDesignator=R37
Change Component Designator: OldDesignator=R37 NewDesignator=R38
Change Component Designator: OldDesignator=R38 NewDesignator=R39
Change Component Designator: OldDesignator=R39 NewDesignator=R40
Change Component Designator: OldDesignator=R40 NewDesignator=R41
Change Component Designator: OldDesignator=R41 NewDesignator=R42
Change Component Description : Designator=Q2 Old Description=N-channel 500 V, 0.63 ? typ., 57A New Description=N-channel 500 V, 0.63 ? typ., 57A
Change Component Description : Designator=Q1 Old Description=N-channel 500 V, 0.73 ? typ., 5 A New Description=N-channel 500 V, 0.73 ? typ., 5 A
Added Component: Designator=C21(Cap1206)
Add component. Clean all parameters for all variants
Added Component: Designator=D2(SOD123)
Add component. Clean all parameters for all variants
Added Component: Designator=D6(SOD123)
Add component. Clean all parameters for all variants
Added Component: Designator=R10(RES1206)
Add component. Clean all parameters for all variants
Added Pin To Net: NetName=GND Pin=C21-1
Added Pin To Net: NetName=NetD8_2 Pin=C21-2
Added Pin To Net: NetName=NetQ1_1 Pin=D2-1
Added Pin To Net: NetName=GND Pin=D6-1
Change Net Name : Old Net Name=NetD5_2 New Net Name=NetD7_2
Change Net Name : Old Net Name=NetD7_1 New Net Name=NetD9_1
Change Net Name : Old Net Name=NetD8_1 New Net Name=NetD10_1
Change Net Name : Old Net Name=NetD8_2 New Net Name=NetC21_2
Change Net Name : Old Net Name=NetQ1_1 New Net Name=NetD2_1
Change Net Name : Old Net Name=NetR23_1 New Net Name=NetR24_1
Change Net Name : Old Net Name=NetR24_1 New Net Name=NetR25_1
Change Net Name : Old Net Name=NetR26_1 New Net Name=NetR27_1
Change Net Name : Old Net Name=NetR34_2 New Net Name=NetR35_2
Change Net Name : Old Net Name=NetR35_2 New Net Name=NetR36_2
Added Pin To Net: NetName=NetD2_2 Pin=D2-2
Added Pin To Net: NetName=NetD2_2 Pin=R10-2
Added Net: Name=NetD2_2
Added Pin To Net: NetName=NetD6_2 Pin=D6-2
Added Pin To Net: NetName=NetD6_2 Pin=IC1-7
Added Pin To Net: NetName=NetD6_2 Pin=R10-1
Added Pin To Net: NetName=NetD6_2 Pin=R14-1
Added Net: Name=NetD6_2
Added Member To Class: ClassName=LED_PROGECT_SCH Member=Component C21 330pF 63v
Added Member To Class: ClassName=LED_PROGECT_SCH Member=Component D9 1N4148
Added Member To Class: ClassName=LED_PROGECT_SCH Member=Component D10 1N4148
Added Member To Class: ClassName=LED_PROGECT_SCH Member=Component R42 3.9k
Added Room: Name=LED_PROGECT_SCH
