Removed Pin From Net: NetName=NetBR1_1 Pin=BR1-1
Removed Pin From Net: NetName=NetBR1_3 Pin=C5-1
Removed Pin From Net: NetName=NetC5_2 Pin=C5-2
Removed Pin From Net: NetName=NetF1_2 Pin=RT1-1
Removed Pin From Net: NetName=NetC1_2 Pin=RT1-2
Removed Member From Class: ClassName=LED_PROGECT_SCH Member=RT1
Added Component: Designator=C7(CAP ALUM 5mm)
Add component. Clean all parameters for all variants
Added Component: Designator=C8(Cap1206)
Add component. Clean all parameters for all variants
Added Component: Designator=C9(Cap1206)
Add component. Clean all parameters for all variants
Added Component: Designator=C10(Cap1206)
Add component. Clean all parameters for all variants
Added Component: Designator=C11(Cap1206)
Add component. Clean all parameters for all variants
Added Component: Designator=C12(Cap1206)
Add component. Clean all parameters for all variants
Added Component: Designator=D3(SOD123)
Add component. Clean all parameters for all variants
Added Component: Designator=IC1(SOIC127P600X175-8N)
Add component. Clean all parameters for all variants
Add component (AddParameter): Name = "Arrow Part Number"; Value = "L6562AD"; VariantName = "[No Variations]"
Add component (AddParameter): Name = "Arrow Price/Stock"; Value = "https://www.arrow.com/en/products/l6562ad/stmicroelectronics"; VariantName = "[No Variations]"
Add component (AddParameter): Name = "Datasheet Link"; Value = "http://docs-emea.rs-online.com/webdocs/0acd/0900766b80acd67a.pdf"; VariantName = "[No Variations]"
Add component (AddParameter): Name = "Height"; Value = "1.75mm"; VariantName = "[No Variations]"
Add component (AddParameter): Name = "Manufacturer_Name"; Value = "STMicroelectronics"; VariantName = "[No Variations]"
Add component (AddParameter): Name = "Manufacturer_Part_Number"; Value = "L6562AD"; VariantName = "[No Variations]"
Add component (AddParameter): Name = "Mouser Part Number"; Value = "511-L6562AD"; VariantName = "[No Variations]"
Add component (AddParameter): Name = "Mouser Price/Stock"; Value = "https://www.mouser.co.uk/ProductDetail/STMicroelectronics/L6562AD?qs=VJaATVMq%252BXqF3F6968bcuw%3D%3D"; VariantName = "[No Variations]"
Added Component: Designator=R8(RES1206)
Add component. Clean all parameters for all variants
Added Component: Designator=R9(RES1206)
Add component. Clean all parameters for all variants
Added Component: Designator=R10(RES1206)
Add component. Clean all parameters for all variants
Added Component: Designator=R11(RES1206)
Add component. Clean all parameters for all variants
Added Component: Designator=RT?(NTC)
Add component. Clean all parameters for all variants
Add component (AddParameter): Name = "Datasheet Link"; Value = "https://product.tdk.com/info/en/documents/data_sheet/50/db/icl_16/S235.pdf"; VariantName = "[No Variations]"
Add component (AddParameter): Name = "Height"; Value = "14mm"; VariantName = "[No Variations]"
Add component (AddParameter): Name = "Manufacturer_Name"; Value = "EPCOS"; VariantName = "[No Variations]"
Add component (AddParameter): Name = "Manufacturer_Part_Number"; Value = "B57235S0100M051"; VariantName = "[No Variations]"
Add component (AddParameter): Name = "Mouser Part Number"; Value = "871-B57235S0100M051"; VariantName = "[No Variations]"
Add component (AddParameter): Name = "Mouser Price/Stock"; Value = "https://www.mouser.co.uk/ProductDetail/EPCOS-TDK/B57235S0100M051?qs=Uha62PnlbFC%2FoMpjFbtGuw%3D%3D"; VariantName = "[No Variations]"
Add component (AddParameter): Name = "RS Part Number"; Value = ""; VariantName = "[No Variations]"
Add component (AddParameter): Name = "RS Price/Stock"; Value = ""; VariantName = "[No Variations]"
Added Pin To Net: NetName=NetC5_2 Pin=C5-1
Added Pin To Net: NetName=NetBR1_3 Pin=C5-2
Added Pin To Net: NetName=NetBR1_3 Pin=C7-2
Added Pin To Net: NetName=NetBR1_3 Pin=C10-1
Added Pin To Net: NetName=NetBR1_3 Pin=D3-1
Added Pin To Net: NetName=NetBR1_3 Pin=IC1-6
Added Pin To Net: NetName=NetC5_2 Pin=IC1-8
Added Pin To Net: NetName=NetF1_2 Pin=RT?-1
Added Pin To Net: NetName=NetC1_2 Pin=RT?-2
Change Net Name : Old Net Name=NetBR1_1 New Net Name=NetC3_2
Change Net Name : Old Net Name=NetC5_2 New Net Name=VCC
Added Pin To Net: NetName=MULT Pin=IC1-3
Added Net: Name=MULT
Added Pin To Net: NetName=NetC7_1 Pin=C7-1
Added Pin To Net: NetName=NetC7_1 Pin=D1-2
Added Pin To Net: NetName=NetC7_1 Pin=D2-1
Added Pin To Net: NetName=NetC7_1 Pin=D3-2
Added Net: Name=NetC7_1
Added Pin To Net: NetName=NetC8_1 Pin=C8-1
Added Pin To Net: NetName=NetC8_1 Pin=C9-1
Added Pin To Net: NetName=NetC8_1 Pin=R8-2
Added Pin To Net: NetName=NetC8_1 Pin=R9-2
Added Net: Name=NetC8_1
Added Pin To Net: NetName=NetC8_2 Pin=C8-2
Added Pin To Net: NetName=NetC8_2 Pin=C9-2
Added Pin To Net: NetName=NetC8_2 Pin=D1-1
Added Net: Name=NetC8_2
Added Pin To Net: NetName=NetC10_2 Pin=C10-2
Added Pin To Net: NetName=NetC10_2 Pin=R5-1
Added Pin To Net: NetName=NetC10_2 Pin=R7-2
Added Net: Name=NetC10_2
Added Pin To Net: NetName=NetC11_1 Pin=C11-1
Added Pin To Net: NetName=NetC11_1 Pin=R11-2
Added Net: Name=NetC11_1
Added Pin To Net: NetName=NetC11_2 Pin=C11-2
Added Pin To Net: NetName=NetC11_2 Pin=C12-2
Added Pin To Net: NetName=NetC11_2 Pin=IC1-2
Added Net: Name=NetC11_2
Added Pin To Net: NetName=NetC12_1 Pin=C12-1
Added Pin To Net: NetName=NetC12_1 Pin=IC1-1
Added Pin To Net: NetName=NetC12_1 Pin=R11-1
Added Net: Name=NetC12_1
Added Pin To Net: NetName=NetR8_1 Pin=R8-1
Added Pin To Net: NetName=NetR8_1 Pin=R9-1
Added Pin To Net: NetName=NetR8_1 Pin=R10-2
Added Net: Name=NetR8_1
Added Pin To Net: NetName=ZCD Pin=IC1-5
Added Pin To Net: NetName=ZCD Pin=R10-1
Added Net: Name=ZCD
Added Member To Class: ClassName=LED_PROGECT_SCH Member=Component C7 33uF 35 V
Added Member To Class: ClassName=LED_PROGECT_SCH Member=Component C8 12nF 63V
Added Member To Class: ClassName=LED_PROGECT_SCH Member=Component C9 12nF 63V
Added Member To Class: ClassName=LED_PROGECT_SCH Member=Component C10 10nF 63V
Added Member To Class: ClassName=LED_PROGECT_SCH Member=Component C11 0.22uF 25V
Added Member To Class: ClassName=LED_PROGECT_SCH Member=Component C12 0.22uF 25V
Added Member To Class: ClassName=LED_PROGECT_SCH Member=Component D3 18V  500mW
Added Member To Class: ClassName=LED_PROGECT_SCH Member=Component IC1 L6562AD
Added Member To Class: ClassName=LED_PROGECT_SCH Member=Component R8 1 M
Added Member To Class: ClassName=LED_PROGECT_SCH Member=Component R9 1 M
Added Member To Class: ClassName=LED_PROGECT_SCH Member=Component R10 47k
Added Member To Class: ClassName=LED_PROGECT_SCH Member=Component R11 22k
Added Member To Class: ClassName=LED_PROGECT_SCH Member=Component RT? 3 A 10 Ohm
Added Room: Name=LED_PROGECT_SCH
