Removed Pin From Net: NetName=NetC?_1 Pin=C?-1
Removed Pin From Net: NetName=NetC?_2 Pin=C?-2
Removed Pin From Net: NetName=NetC?_2 Pin=TR?-3
Removed Pin From Net: NetName=NetC?_1 Pin=TR?-4
Added Component: Designator=BR?(D-38)
Add component. Clean all parameters for all variants
Add component (AddParameter): Name = "DatasheetVersion"; Value = "E2732B"; VariantName = "[No Variations]"
Add component (AddParameter): Name = "LatestRevisionDate"; Value = "29-May-2009"; VariantName = "[No Variations]"
Add component (AddParameter): Name = "LatestRevisionNote"; Value = "Sch pins A & K swapped."; VariantName = "[No Variations]"
Add component (AddParameter): Name = "PackageDescription"; Value = "Bridge Rectifier; 4 Terminals; Body 9.4 x 9.4 mm (typ); Pitch 5.08 mm"; VariantName = "[No Variations]"
Add component (AddParameter): Name = "PackageReference"; Value = "D-38"; VariantName = "[No Variations]"
Add component (AddParameter): Name = "Published"; Value = "8-Jun-2000"; VariantName = "[No Variations]"
Add component (AddParameter): Name = "Publisher"; Value = "Altium Limited"; VariantName = "[No Variations]"
Added Pin To Net: NetName=NetC?_1 Pin=C?-1
Added Pin To Net: NetName=NetC?_2 Pin=C?-2
Added Pin To Net: NetName=NetC?_1 Pin=J?-2
Added Pin To Net: NetName=NetC?_1 Pin=R?-1
Added Pin To Net: NetName=NetC?_2 Pin=R?-2
Added Pin To Net: NetName=NetC?_2 Pin=TR?-1
Added Pin To Net: NetName=NetC?_1 Pin=TR?-2
Added Pin To Net: NetName=GND Pin=BR?-3
Added Net: Name=GND
Added Pin To Net: NetName=NetBR?_2 Pin=BR?-2
Added Pin To Net: NetName=NetBR?_2 Pin=C?-1
Added Pin To Net: NetName=NetBR?_2 Pin=TR?-4
Added Net: Name=NetBR?_2
Added Pin To Net: NetName=NetBR?_4 Pin=BR?-4
Added Pin To Net: NetName=NetBR?_4 Pin=C?-2
Added Pin To Net: NetName=NetBR?_4 Pin=TR?-3
Added Net: Name=NetBR?_4
Added Member To Class: ClassName=LED_PROGECT_SCH Member=Component BR? 1000 V 2 A
Added Member To Class: ClassName=LED_PROGECT_SCH Member=Component C? 0.47uF 305V
Added Member To Class: ClassName=LED_PROGECT_SCH Member=Component R? 1 M
Added Room: Name=LED_PROGECT_SCH
