Change Component Designator: OldDesignator=R25 NewDesignator=R26
Change Component Designator: OldDesignator=R26 NewDesignator=R27
Change Component Designator: OldDesignator=R27 NewDesignator=R30
Change Component Designator: OldDesignator=R28 NewDesignator=R37
Change component parameters: Designator = "IC1"; Footprint = "SOIC127P600X175-8N"; UniqueID = "\DICCAQPO"
Change component parameters. Clean all parameters for all variants
Added Component: Designator=C14(Cap1206)
Add component. Clean all parameters for all variants
Added Component: Designator=C15(Cap1206)
Add component. Clean all parameters for all variants
Added Component: Designator=C16(Cap1206)
Add component. Clean all parameters for all variants
Added Component: Designator=C17(Cap1206)
Add component. Clean all parameters for all variants
Added Component: Designator=D5(SOD123)
Add component. Clean all parameters for all variants
Added Component: Designator=D6(SOD123)
Add component. Clean all parameters for all variants
Added Component: Designator=IC2(SOIC127P600X175-8N)
Add component. Clean all parameters for all variants
Added Component: Designator=J2(PIN3 TERMINAL)
Add component. Clean all parameters for all variants
Added Component: Designator=R25(RES1206)
Add component. Clean all parameters for all variants
Added Component: Designator=R28(RES1206)
Add component. Clean all parameters for all variants
Added Component: Designator=R29(RES1206)
Add component. Clean all parameters for all variants
Added Component: Designator=R31(RES1206)
Add component. Clean all parameters for all variants
Added Component: Designator=R32(RES1206)
Add component. Clean all parameters for all variants
Added Component: Designator=R33(RES1206)
Add component. Clean all parameters for all variants
Added Component: Designator=R34(RES1206)
Add component. Clean all parameters for all variants
Added Component: Designator=R35(RES1206)
Add component. Clean all parameters for all variants
Added Component: Designator=R36(RES1206)
Add component. Clean all parameters for all variants
Added Component: Designator=R38(AXIAL-0.6)
Add component. Clean all parameters for all variants
Add component (AddParameter): Name = "LatestRevisionDate"; Value = "17-Jul-2002"; VariantName = "[No Variations]"
Add component (AddParameter): Name = "LatestRevisionNote"; Value = "Re-released for DXP Platform."; VariantName = "[No Variations]"
Add component (AddParameter): Name = "PackageDescription"; Value = "Axial Device, Thru-Hole; 2 Leads; 0.4 in Pin Spacing"; VariantName = "[No Variations]"
Add component (AddParameter): Name = "PackageReference"; Value = "AXIAL-0.4"; VariantName = "[No Variations]"
Add component (AddParameter): Name = "Published"; Value = "8-Jun-2000"; VariantName = "[No Variations]"
Add component (AddParameter): Name = "Publisher"; Value = "Altium Limited"; VariantName = "[No Variations]"
Added Component: Designator=R39(AXIAL-0.6)
Add component. Clean all parameters for all variants
Add component (AddParameter): Name = "LatestRevisionDate"; Value = "17-Jul-2002"; VariantName = "[No Variations]"
Add component (AddParameter): Name = "LatestRevisionNote"; Value = "Re-released for DXP Platform."; VariantName = "[No Variations]"
Add component (AddParameter): Name = "PackageDescription"; Value = "Axial Device, Thru-Hole; 2 Leads; 0.4 in Pin Spacing"; VariantName = "[No Variations]"
Add component (AddParameter): Name = "PackageReference"; Value = "AXIAL-0.4"; VariantName = "[No Variations]"
Add component (AddParameter): Name = "Published"; Value = "8-Jun-2000"; VariantName = "[No Variations]"
Add component (AddParameter): Name = "Publisher"; Value = "Altium Limited"; VariantName = "[No Variations]"
Added Component: Designator=R40(AXIAL-0.6)
Add component. Clean all parameters for all variants
Add component (AddParameter): Name = "LatestRevisionDate"; Value = "17-Jul-2002"; VariantName = "[No Variations]"
Add component (AddParameter): Name = "LatestRevisionNote"; Value = "Re-released for DXP Platform."; VariantName = "[No Variations]"
Add component (AddParameter): Name = "PackageDescription"; Value = "Axial Device, Thru-Hole; 2 Leads; 0.4 in Pin Spacing"; VariantName = "[No Variations]"
Add component (AddParameter): Name = "PackageReference"; Value = "AXIAL-0.4"; VariantName = "[No Variations]"
Add component (AddParameter): Name = "Published"; Value = "8-Jun-2000"; VariantName = "[No Variations]"
Add component (AddParameter): Name = "Publisher"; Value = "Altium Limited"; VariantName = "[No Variations]"
Added Component: Designator=R41(RES1206)
Add component. Clean all parameters for all variants
Added Pin To Net: NetName=GND Pin=C15-1
Added Pin To Net: NetName=GND Pin=C16-1
Added Pin To Net: NetName=GND Pin=C17-1
Added Pin To Net: NetName=GND Pin=IC2-6
Added Pin To Net: NetName=+16V Pin=IC2-8
Added Pin To Net: NetName=+16V Pin=J2-1
Added Pin To Net: NetName=GND Pin=J2-3
Added Pin To Net: NetName=+16V Pin=R25-2
Added Pin To Net: NetName=GND Pin=R29-1
Added Pin To Net: NetName=GND Pin=R38-1
Added Pin To Net: NetName=GND Pin=R39-1
Added Pin To Net: NetName=GND Pin=R40-1
Added Pin To Net: NetName=GND Pin=R41-2
Change Net Name : Old Net Name=NetR25_1 New Net Name=NetR26_1
Added Pin To Net: NetName=NetC14_1 Pin=C14-1
Added Pin To Net: NetName=NetC14_1 Pin=C15-2
Added Pin To Net: NetName=NetC14_1 Pin=IC2-5
Added Pin To Net: NetName=NetC14_1 Pin=R31-2
Added Pin To Net: NetName=NetC14_1 Pin=R32-1
Added Pin To Net: NetName=NetC14_1 Pin=R33-1
Added Pin To Net: NetName=NetC14_1 Pin=R41-1
Added Net: Name=NetC14_1
Added Pin To Net: NetName=NetC14_2 Pin=C14-2
Added Pin To Net: NetName=NetC14_2 Pin=D5-2
Added Pin To Net: NetName=NetC14_2 Pin=R31-1
Added Net: Name=NetC14_2
Added Pin To Net: NetName=NetC16_2 Pin=C16-2
Added Pin To Net: NetName=NetC16_2 Pin=R32-2
Added Net: Name=NetC16_2
Added Pin To Net: NetName=NetC17_2 Pin=C17-2
Added Pin To Net: NetName=NetC17_2 Pin=R33-2
Added Net: Name=NetC17_2
Added Pin To Net: NetName=NetD5_1 Pin=D5-1
Added Pin To Net: NetName=NetD5_1 Pin=IC2-7
Added Pin To Net: NetName=NetD5_1 Pin=R28-2
Added Net: Name=NetD5_1
Added Pin To Net: NetName=NetD6_1 Pin=D6-1
Added Pin To Net: NetName=NetD6_1 Pin=J2-2
Added Net: Name=NetD6_1
Added Pin To Net: NetName=NetD6_2 Pin=D6-2
Added Pin To Net: NetName=NetD6_2 Pin=IC2-4
Added Pin To Net: NetName=NetD6_2 Pin=R36-2
Added Net: Name=NetD6_2
Added Pin To Net: NetName=NetIC2_1 Pin=IC2-1
Added Pin To Net: NetName=NetIC2_1 Pin=R25-1
Added Pin To Net: NetName=NetIC2_1 Pin=R29-2
Added Net: Name=NetIC2_1
Added Pin To Net: NetName=NetIC2_2 Pin=IC2-2
Added Pin To Net: NetName=NetIC2_2 Pin=IC2-3
Added Net: Name=NetIC2_2
Added Pin To Net: NetName=NetR34_1 Pin=R34-1
Added Pin To Net: NetName=NetR34_1 Pin=R35-1
Added Pin To Net: NetName=NetR34_1 Pin=R36-1
Added Pin To Net: NetName=NetR34_1 Pin=R40-2
Added Net: Name=NetR34_1
Added Pin To Net: NetName=NetR34_2 Pin=R34-2
Added Pin To Net: NetName=NetR34_2 Pin=R38-2
Added Net: Name=NetR34_2
Added Pin To Net: NetName=NetR35_2 Pin=R35-2
Added Pin To Net: NetName=NetR35_2 Pin=R39-2
Added Net: Name=NetR35_2
Added Member To Class: ClassName=LED_PROGECT_SCH Member=Component C14 220pF 63v
Added Member To Class: ClassName=LED_PROGECT_SCH Member=Component C15 390pF 63v
Added Member To Class: ClassName=LED_PROGECT_SCH Member=Component C16 390pF 63v
Added Member To Class: ClassName=LED_PROGECT_SCH Member=Component C17 390pF 63v
Added Member To Class: ClassName=LED_PROGECT_SCH Member=Component D5 1N4148
Added Member To Class: ClassName=LED_PROGECT_SCH Member=Component D6 1N4148
Added Member To Class: ClassName=LED_PROGECT_SCH Member=Component IC2 L6562AD
Added Member To Class: ClassName=LED_PROGECT_SCH Member=Component J2 PIN 3 TERMINAL
Added Member To Class: ClassName=LED_PROGECT_SCH Member=Component R29 3.9k
Added Member To Class: ClassName=LED_PROGECT_SCH Member=Component R30 330k
Added Member To Class: ClassName=LED_PROGECT_SCH Member=Component R31 1k
Added Member To Class: ClassName=LED_PROGECT_SCH Member=Component R32 0
Added Member To Class: ClassName=LED_PROGECT_SCH Member=Component R33 0
Added Member To Class: ClassName=LED_PROGECT_SCH Member=Component R34 0
Added Member To Class: ClassName=LED_PROGECT_SCH Member=Component R35 0
Added Member To Class: ClassName=LED_PROGECT_SCH Member=Component R36 1k
Added Member To Class: ClassName=LED_PROGECT_SCH Member=Component R37 43k
Added Member To Class: ClassName=LED_PROGECT_SCH Member=Component R38 1 M 1W
Added Member To Class: ClassName=LED_PROGECT_SCH Member=Component R39 1 M 1W
Added Member To Class: ClassName=LED_PROGECT_SCH Member=Component R40 1 M 1W
Added Member To Class: ClassName=LED_PROGECT_SCH Member=Component R41 3.9k
Added Room: Name=LED_PROGECT_SCH
