Change Component Description : Designator=Q? Old Description=N-channel 500 V, 0.73 ? typ., 5 A New Description=N-channel 500 V, 0.73 ? typ., 5 A
Added Component: Designator=L?(TRANS E25/13/7)
Add component. Clean all parameters for all variants
Added Component: Designator=R17(AXIAL-0.6)
Add component. Clean all parameters for all variants
Add component (AddParameter): Name = "LatestRevisionDate"; Value = "17-Jul-2002"; VariantName = "[No Variations]"
Add component (AddParameter): Name = "LatestRevisionNote"; Value = "Re-released for DXP Platform."; VariantName = "[No Variations]"
Add component (AddParameter): Name = "PackageDescription"; Value = "Axial Device, Thru-Hole; 2 Leads; 0.4 in Pin Spacing"; VariantName = "[No Variations]"
Add component (AddParameter): Name = "PackageReference"; Value = "AXIAL-0.4"; VariantName = "[No Variations]"
Add component (AddParameter): Name = "Published"; Value = "8-Jun-2000"; VariantName = "[No Variations]"
Add component (AddParameter): Name = "Publisher"; Value = "Altium Limited"; VariantName = "[No Variations]"
Added Component: Designator=R18(AXIAL-0.6)
Add component. Clean all parameters for all variants
Add component (AddParameter): Name = "LatestRevisionDate"; Value = "17-Jul-2002"; VariantName = "[No Variations]"
Add component (AddParameter): Name = "LatestRevisionNote"; Value = "Re-released for DXP Platform."; VariantName = "[No Variations]"
Add component (AddParameter): Name = "PackageDescription"; Value = "Axial Device, Thru-Hole; 2 Leads; 0.4 in Pin Spacing"; VariantName = "[No Variations]"
Add component (AddParameter): Name = "PackageReference"; Value = "AXIAL-0.4"; VariantName = "[No Variations]"
Add component (AddParameter): Name = "Published"; Value = "8-Jun-2000"; VariantName = "[No Variations]"
Add component (AddParameter): Name = "Publisher"; Value = "Altium Limited"; VariantName = "[No Variations]"
Added Component: Designator=R19(RES1206)
Add component. Clean all parameters for all variants
Added Component: Designator=R20(RES1206)
Add component. Clean all parameters for all variants
Added Pin To Net: NetName=NetQ?_2 Pin=R17-2
Added Pin To Net: NetName=NetC12_1 Pin=R18-1
Added Pin To Net: NetName=NetC12_1 Pin=R19-1
Added Pin To Net: NetName=NetBR1_3 Pin=R19-2
Added Pin To Net: NetName=NetC12_1 Pin=R20-1
Added Pin To Net: NetName=NetBR1_3 Pin=R20-2
Added Pin To Net: NetName=NetR17_1 Pin=R17-1
Added Pin To Net: NetName=NetR17_1 Pin=R18-2
Added Net: Name=NetR17_1
Added Member To Class: ClassName=LED_PROGECT_SCH Member=Component L? 1,6mH
Added Member To Class: ClassName=LED_PROGECT_SCH Member=Component R17 1 M 1W
Added Member To Class: ClassName=LED_PROGECT_SCH Member=Component R18 1 M 1W
Added Member To Class: ClassName=LED_PROGECT_SCH Member=Component R19 22k
Added Member To Class: ClassName=LED_PROGECT_SCH Member=Component R20 22k
Added Room: Name=LED_PROGECT_SCH
